<?xml version="1.0" encoding="UTF-8"?>
<!-- Generated by org.testng.reporters.JUnitXMLReporter -->
<testsuite ignored="0" hostname="TTNPL-MohammadFarhan" failures="0" tests="4" name="Default test" time="0.05" errors="0" timestamp="2023-04-11T09:13:12 IST">
  <testcase classname="assignment1.CalculatorTest1" name="addingTest" time="0.009"/>
  <testcase classname="assignment1.CalculatorTest1" name="divisionTesting" time="0.001"/>
  <testcase classname="assignment1.CalculatorTest1" name="multiplingFunTesting" time="0.001"/>
  <testcase classname="assignment1.CalculatorTest1" name="subtractTesting" time="0.002"/>
</testsuite> <!-- Default test -->
