<?xml version="1.0" encoding="UTF-8"?>
<!-- Generated by org.testng.reporters.JUnitXMLReporter -->
<testsuite ignored="0" hostname="TTNPL-MohammadFarhan" failures="0" tests="4" name="Test" time="0.135" errors="0" timestamp="2023-04-11T09:15:08 IST">
  <testcase classname="assignment1.CalculatorTest1" name="addingTest" time="0.008"/>
  <testcase classname="assignment1.CalculatorTest1" name="divisionTesting" time="0.0"/>
  <testcase classname="assignment1.CalculatorTest1" name="multiplingFunTesting" time="0.001"/>
  <testcase classname="assignment1.CalculatorTest1" name="subtractTesting" time="0.001"/>
</testsuite> <!-- Test -->
