<?xml version="1.0" encoding="UTF-8"?>
<testng-results ignored="0" total="4" passed="4" failed="0" skipped="0">
  <reporter-output>
  </reporter-output>
  <suite started-at="2023-04-11T09:15:08 IST" name="Suite" finished-at="2023-04-11T09:15:08 IST" duration-ms="135">
    <groups>
    </groups>
    <test started-at="2023-04-11T09:15:08 IST" name="Test" finished-at="2023-04-11T09:15:08 IST" duration-ms="135">
      <class name="assignment1.CalculatorTest1">
        <test-method is-config="true" signature="objectCreation()[pri:0, instance:assignment1.CalculatorTest1@4fe767f3]" started-at="2023-04-11T09:15:08 IST" name="objectCreation" finished-at="2023-04-11T09:15:08 IST" duration-ms="48" status="PASS">
          <reporter-output>
          </reporter-output>
        </test-method> <!-- objectCreation -->
        <test-method signature="addingTest()[pri:0, instance:assignment1.CalculatorTest1@4fe767f3]" started-at="2023-04-11T09:15:08 IST" name="addingTest" finished-at="2023-04-11T09:15:08 IST" duration-ms="8" status="PASS">
          <reporter-output>
          </reporter-output>
        </test-method> <!-- addingTest -->
        <test-method signature="divisionTesting()[pri:0, instance:assignment1.CalculatorTest1@4fe767f3]" started-at="2023-04-11T09:15:08 IST" name="divisionTesting" finished-at="2023-04-11T09:15:08 IST" duration-ms="0" status="PASS">
          <reporter-output>
          </reporter-output>
        </test-method> <!-- divisionTesting -->
        <test-method signature="multiplingFunTesting()[pri:0, instance:assignment1.CalculatorTest1@4fe767f3]" started-at="2023-04-11T09:15:08 IST" name="multiplingFunTesting" finished-at="2023-04-11T09:15:08 IST" duration-ms="1" status="PASS">
          <reporter-output>
          </reporter-output>
        </test-method> <!-- multiplingFunTesting -->
        <test-method signature="subtractTesting()[pri:0, instance:assignment1.CalculatorTest1@4fe767f3]" started-at="2023-04-11T09:15:08 IST" name="subtractTesting" finished-at="2023-04-11T09:15:08 IST" duration-ms="1" status="PASS">
          <reporter-output>
          </reporter-output>
        </test-method> <!-- subtractTesting -->
      </class> <!-- assignment1.CalculatorTest1 -->
    </test> <!-- Test -->
  </suite> <!-- Suite -->
</testng-results>
